Latexmk: This is Latexmk, John Collins, 19 Jan. 2017, version: 4.52c.
Rule 'pdflatex': Rules & subrules not known to be previously run:
   pdflatex
Rule 'pdflatex': The following rules & subrules became out-of-date:
      'pdflatex'
------------
Run number 1 of rule 'pdflatex'
------------
------------
Running 'pdflatex  -recorder  "main.tex"'
------------
Latexmk: applying rule 'pdflatex'...
This is pdfTeX, Version 3.14159265-2.6-1.40.18 (TeX Live 2017) (preloaded format=pdflatex)
entering extended mode
(./main.tex
LaTeX2e <2017-04-15>
Babel <3.14> and hyphenation patterns for 84 language(s) loaded.
(./mitthesis.cls
Document Class: mitthesis 1999/10/20
Single spaced

(/cvmfs/cms.cern.ch/external/tex/texlive/2017/texmf-dist/tex/latex/base/report.
cls
Document Class: report 2014/09/29 v1.4h Standard LaTeX document class

(/cvmfs/cms.cern.ch/external/tex/texlive/2017/texmf-dist/tex/latex/base/size12.
clo))
(/cvmfs/cms.cern.ch/external/tex/texlive/2017/texmf-dist/tex/latex/setspace/set
space.sty)
Thesis document copyright MIT unless otherwise (manually) specified
) (./lgrind.sty)
(/cvmfs/cms.cern.ch/external/tex/texlive/2017/texmf-dist/tex/latex/hyperref/hyp
erref.sty
(/cvmfs/cms.cern.ch/external/tex/texlive/2017/texmf-dist/tex/generic/oberdiek/h
obsub-hyperref.sty
(/cvmfs/cms.cern.ch/external/tex/texlive/2017/texmf-dist/tex/generic/oberdiek/h
obsub-generic.sty))
(/cvmfs/cms.cern.ch/external/tex/texlive/2017/texmf-dist/tex/latex/graphics/key
val.sty)
(/cvmfs/cms.cern.ch/external/tex/texlive/2017/texmf-dist/tex/generic/ifxetex/if
xetex.sty)
(/cvmfs/cms.cern.ch/external/tex/texlive/2017/texmf-dist/tex/latex/oberdiek/aux
hook.sty)
(/cvmfs/cms.cern.ch/external/tex/texlive/2017/texmf-dist/tex/latex/oberdiek/kvo
ptions.sty)
(/cvmfs/cms.cern.ch/external/tex/texlive/2017/texmf-dist/tex/latex/hyperref/pd1
enc.def)
(/cvmfs/cms.cern.ch/external/tex/texlive/2017/texmf-dist/tex/latex/latexconfig/
hyperref.cfg)
(/cvmfs/cms.cern.ch/external/tex/texlive/2017/texmf-dist/tex/latex/url/url.sty)
)

Package hyperref Message: Driver (autodetected): hpdftex.


(/cvmfs/cms.cern.ch/external/tex/texlive/2017/texmf-dist/tex/latex/hyperref/hpd
ftex.def
(/cvmfs/cms.cern.ch/external/tex/texlive/2017/texmf-dist/tex/latex/oberdiek/rer
unfilecheck.sty))
(/cvmfs/cms.cern.ch/external/tex/texlive/2017/texmf-dist/tex/latex/graphics/gra
phicx.sty
(/cvmfs/cms.cern.ch/external/tex/texlive/2017/texmf-dist/tex/latex/graphics/gra
phics.sty
(/cvmfs/cms.cern.ch/external/tex/texlive/2017/texmf-dist/tex/latex/graphics/tri
g.sty)
(/cvmfs/cms.cern.ch/external/tex/texlive/2017/texmf-dist/tex/latex/graphics-cfg
/graphics.cfg)
(/cvmfs/cms.cern.ch/external/tex/texlive/2017/texmf-dist/tex/latex/graphics-def
/pdftex.def)))
(/cvmfs/cms.cern.ch/external/tex/texlive/2017/texmf-dist/tex/latex/tools/xspace
.sty)
(/cvmfs/cms.cern.ch/external/tex/texlive/2017/texmf-dist/tex/latex/cmap/cmap.st
y)
(/cvmfs/cms.cern.ch/external/tex/texlive/2017/texmf-dist/tex/latex/base/fontenc
.sty
(/cvmfs/cms.cern.ch/external/tex/texlive/2017/texmf-dist/tex/latex/base/t1enc.d
ef)<<t1.cmap>>)
(/cvmfs/cms.cern.ch/external/tex/texlive/2017/texmf-dist/tex/latex/multirow/mul
tirow.sty)
(/cvmfs/cms.cern.ch/external/tex/texlive/2017/texmf-dist/tex/latex/base/textcom
p.sty
(/cvmfs/cms.cern.ch/external/tex/texlive/2017/texmf-dist/tex/latex/base/ts1enc.
def))
(/cvmfs/cms.cern.ch/external/tex/texlive/2017/texmf-dist/tex/latex/siunitx/siun
itx.sty
(/cvmfs/cms.cern.ch/external/tex/texlive/2017/texmf-dist/tex/latex/l3kernel/exp
l3.sty
(/cvmfs/cms.cern.ch/external/tex/texlive/2017/texmf-dist/tex/latex/l3kernel/exp
l3-code.tex)
(/cvmfs/cms.cern.ch/external/tex/texlive/2017/texmf-dist/tex/latex/l3kernel/l3p
dfmode.def))
(/cvmfs/cms.cern.ch/external/tex/texlive/2017/texmf-dist/tex/latex/l3packages/x
parse/xparse.sty)
(/cvmfs/cms.cern.ch/external/tex/texlive/2017/texmf-dist/tex/latex/amsmath/amst
ext.sty
(/cvmfs/cms.cern.ch/external/tex/texlive/2017/texmf-dist/tex/latex/amsmath/amsg
en.sty))
(/cvmfs/cms.cern.ch/external/tex/texlive/2017/texmf-dist/tex/latex/tools/array.
sty)
(/cvmfs/cms.cern.ch/external/tex/texlive/2017/texmf-dist/tex/latex/l3packages/l
3keys2e/l3keys2e.sty)
(/cvmfs/cms.cern.ch/external/tex/texlive/2017/texmf-dist/tex/latex/beamer/trans
lator/translator.sty
(/cvmfs/cms.cern.ch/external/tex/texlive/2017/texmf-dist/tex/latex/beamer/trans
lator/translator-language-mappings.tex))) (./commands.tex) (./main.aux)
(/cvmfs/cms.cern.ch/external/tex/texlive/2017/texmf-dist/tex/latex/base/ts1cmr.
fd)
(/cvmfs/cms.cern.ch/external/tex/texlive/2017/texmf-dist/tex/latex/hyperref/nam
eref.sty
(/cvmfs/cms.cern.ch/external/tex/texlive/2017/texmf-dist/tex/generic/oberdiek/g
ettitlestring.sty))
(/cvmfs/cms.cern.ch/external/tex/texlive/2017/texmf-dist/tex/context/base/mkii/
supp-pdf.mkii
[Loading MPS to PDF converter (version 2006.09.02).]
)
(/cvmfs/cms.cern.ch/external/tex/texlive/2017/texmf-dist/tex/latex/beamer/trans
lator/dicts/translator-basic-dictionary/translator-basic-dictionary-English.dic
t)
(/cvmfs/cms.cern.ch/external/tex/texlive/2017/texmf-dist/tex/latex/siunitx/siun
itx-abbreviations.cfg)<<ot1.cmap>><<oml.cmap>><<oms.cmap>><<omx.cmap>><<ot1tt.c
map>> (./cover.tex [1{/cvmfs/cms.cern.ch/external/tex/texlive/2017/texmf-var/fo
nts/map/pdftex/updmap/pdftex.map}] [2] (./abstract.tex) [3] [4]) [5]
(./contents.tex [6] [7] [8] [9] [10]) [11] (./detector.tex [12]
Chapter 1.
[13]

LaTeX Warning: Citation `Khachatryan:2016bia' on page 14 undefined on input lin
e 28.


Overfull \hbox (0.48677pt too wide) in paragraph at lines 58--67
\T1/cmr/m/n/12 The elec-tro-mag-netic calorime-ter of CMS (ECAL) is a her-metic
 ho-mo-ge-neous calorime-
[14]

LaTeX Warning: Citation `CMSTDR' on page 15 undefined on input line 69.


LaTeX Warning: Reference `fig:hcalslice' on page 15 undefined on input line 70.



LaTeX Warning: Citation `CMSTDR' on page 15 undefined on input line 80.


Underfull \vbox (badness 3333) has occurred while \output is active [15 <./figu
res/hcalslice.png>] [16]

LaTeX Warning: Citation `ElectronReco2015' on page 17 undefined on input line 1
77.

[17]

LaTeX Warning: Citation `CMS-PAS-PFT-10-002' on page 18 undefined on input line
 185.

[18]

LaTeX Warning: Citation `CMS-PAS-MUO-10-004' on page 19 undefined on input line
 225.


LaTeX Warning: Citation `CMS-PAS-PFT-10-002' on page 19 undefined on input line
 237.


LaTeX Warning: Citation `Cacciari:2008gp' on page 19 undefined on input line 24
0.


LaTeX Warning: Citation `Cacciari:2011ma' on page 19 undefined on input line 24
1.


LaTeX Warning: Citation `Cacciari:2006gp' on page 19 undefined on input line 24
1.


LaTeX Warning: Reference `tab:loose_jet_id' on page 19 undefined on input line 
260.

[19]

LaTeX Warning: Citation `Chatrchyan:2012jua' on page 20 undefined on input line
 285.


LaTeX Warning: Citation `CMS:EGM-14-001' on page 20 undefined on input line 292
.


LaTeX Warning: Reference `tab:PhotonIDLoose' on page 20 undefined on input line
 299.


Overfull \hbox (10.78528pt too wide) in paragraph at lines 304--318
 [] 

LaTeX Warning: Citation `CMS-PRF-14-001' on page 20 undefined on input line 325
.


LaTeX Warning: Citation `Cacciari:2008gp' on page 20 undefined on input line 32
9.


LaTeX Warning: Citation `Cacciari:2011ma' on page 20 undefined on input line 32
9.

[20]

LaTeX Warning: Citation `CMS-PAS-JME-16-004' on page 21 undefined on input line
 338.

) [21] (./appa.tex [22]
Appendix A.
[23]) (./appb.tex [24]
Appendix B.
[25] [26]) (./biblio.tex (./main.bbl)) [27] (./main.aux (./cover.aux)
(./contents.aux) (./detector.aux) (./appa.aux) (./appb.aux) (./biblio.aux))

Package rerunfilecheck Warning: File `main.out' has changed.
(rerunfilecheck)                Rerun to get outlines right
(rerunfilecheck)                or use package `bookmark'.


LaTeX Warning: There were undefined references.


LaTeX Warning: Label(s) may have changed. Rerun to get cross-references right.

 )
(see the transcript file for additional information){/cvmfs/cms.cern.ch/externa
l/tex/texlive/2017/texmf-dist/fonts/enc/dvips/cm-super/cm-super-t1.enc}{/cvmfs/
cms.cern.ch/external/tex/texlive/2017/texmf-dist/fonts/enc/dvips/cm-super/cm-su
per-ts1.enc}</cvmfs/cms.cern.ch/external/tex/texlive/2017/texmf-dist/fonts/type
1/public/amsfonts/cm/cmmi10.pfb></cvmfs/cms.cern.ch/external/tex/texlive/2017/t
exmf-dist/fonts/type1/public/amsfonts/cm/cmmi12.pfb></cvmfs/cms.cern.ch/externa
l/tex/texlive/2017/texmf-dist/fonts/type1/public/amsfonts/cm/cmmi8.pfb></cvmfs/
cms.cern.ch/external/tex/texlive/2017/texmf-dist/fonts/type1/public/amsfonts/cm
/cmr10.pfb></cvmfs/cms.cern.ch/external/tex/texlive/2017/texmf-dist/fonts/type1
/public/amsfonts/cm/cmr12.pfb></cvmfs/cms.cern.ch/external/tex/texlive/2017/tex
mf-dist/fonts/type1/public/amsfonts/cm/cmr8.pfb></cvmfs/cms.cern.ch/external/te
x/texlive/2017/texmf-dist/fonts/type1/public/amsfonts/cm/cmsy10.pfb></cvmfs/cms
.cern.ch/external/tex/texlive/2017/texmf-dist/fonts/type1/public/amsfonts/cm/cm
sy8.pfb></cvmfs/cms.cern.ch/external/tex/texlive/2017/texmf-dist/fonts/type1/pu
blic/cm-super/sfbx1200.pfb></cvmfs/cms.cern.ch/external/tex/texlive/2017/texmf-
dist/fonts/type1/public/cm-super/sfbx1440.pfb></cvmfs/cms.cern.ch/external/tex/
texlive/2017/texmf-dist/fonts/type1/public/cm-super/sfbx1728.pfb></cvmfs/cms.ce
rn.ch/external/tex/texlive/2017/texmf-dist/fonts/type1/public/cm-super/sfbx2488
.pfb></cvmfs/cms.cern.ch/external/tex/texlive/2017/texmf-dist/fonts/type1/publi
c/cm-super/sfrm0800.pfb></cvmfs/cms.cern.ch/external/tex/texlive/2017/texmf-dis
t/fonts/type1/public/cm-super/sfrm1095.pfb></cvmfs/cms.cern.ch/external/tex/tex
live/2017/texmf-dist/fonts/type1/public/cm-super/sfrm1200.pfb></cvmfs/cms.cern.
ch/external/tex/texlive/2017/texmf-dist/fonts/type1/public/cm-super/sfrm1440.pf
b></cvmfs/cms.cern.ch/external/tex/texlive/2017/texmf-dist/fonts/type1/public/c
m-super/sfrm1728.pfb></cvmfs/cms.cern.ch/external/tex/texlive/2017/texmf-dist/f
onts/type1/public/cm-super/sfti1200.pfb>
Output written on main.pdf (27 pages, 569481 bytes).
Transcript written on main.log.
Latexmk: References changed.
Latexmk: References changed.
Latexmk: Log file says output to 'main.pdf'
Latexmk: List of undefined refs and citations:
  Citation `CMS-PAS-JME-16-004' on page 21 undefined on input line 338
  Citation `CMS-PAS-MUO-10-004' on page 19 undefined on input line 225
  Citation `CMS-PAS-PFT-10-002' on page 18 undefined on input line 185
  Citation `CMS-PAS-PFT-10-002' on page 19 undefined on input line 237
  Citation `CMS-PRF-14-001' on page 20 undefined on input line 325
  Citation `CMS:EGM-14-001' on page 20 undefined on input line 292
  Citation `CMSTDR' on page 15 undefined on input line 69
  Citation `CMSTDR' on page 15 undefined on input line 80
  Citation `Cacciari:2006gp' on page 19 undefined on input line 241
  Citation `Cacciari:2008gp' on page 19 undefined on input line 240
  Citation `Cacciari:2008gp' on page 20 undefined on input line 329
  Citation `Cacciari:2011ma' on page 19 undefined on input line 241
  Citation `Cacciari:2011ma' on page 20 undefined on input line 329
  Citation `Chatrchyan:2012jua' on page 20 undefined on input line 285
  Citation `ElectronReco2015' on page 17 undefined on input line 177
  Citation `Khachatryan:2016bia' on page 14 undefined on input line 28
  Reference `fig:hcalslice' on page 15 undefined on input line 70
  Reference `tab:PhotonIDLoose' on page 20 undefined on input line 299
  Reference `tab:loose_jet_id' on page 19 undefined on input line 260
=== TeX engine is 'pdfTeX'
Latexmk: Found bibliography file(s) [main.bib]
Latexmk: Summary of warnings:
  Latex failed to resolve 4 reference(s)
  Latex failed to resolve 16 citation(s)
Rule 'bibtex main': File changes, etc:
   Changed files, or newly in use since previous run(s):
      'main.aux'
------------
Run number 1 of rule 'bibtex main'
------------
------------
Running 'bibtex  "main"'
------------
Latexmk: applying rule 'bibtex main'...
For rule 'bibtex main', running '&run_bibtex(  )' ...
This is BibTeX, Version 0.99d (TeX Live 2017)
The top-level auxiliary file: main.aux
A level-1 auxiliary file: cover.aux
A level-1 auxiliary file: contents.aux
A level-1 auxiliary file: detector.aux
A level-1 auxiliary file: appa.aux
A level-1 auxiliary file: appb.aux
A level-1 auxiliary file: biblio.aux
The style file: plain.bst
Database file #1: main.bib
Warning--to sort, need author, editor, or key in CMSTDR
Warning--to sort, need author or key in CMS-PAS-JME-16-004
Warning--empty author and editor in CMSTDR
Warning--empty author in CMS-PAS-JME-16-004
Warning--empty journal in Chatrchyan:2012jua
(There were 5 warnings)
Rule 'pdflatex': File changes, etc:
   Changed files, or newly in use since previous run(s):
      'appa.aux'
      'appb.aux'
      'biblio.aux'
      'contents.aux'
      'cover.aux'
      'detector.aux'
      'main.aux'
      'main.out'
------------
Run number 2 of rule 'pdflatex'
------------
------------
Running 'pdflatex  -recorder  "main.tex"'
------------
Latexmk: applying rule 'pdflatex'...
This is pdfTeX, Version 3.14159265-2.6-1.40.18 (TeX Live 2017) (preloaded format=pdflatex)
entering extended mode
(./main.tex
LaTeX2e <2017-04-15>
Babel <3.14> and hyphenation patterns for 84 language(s) loaded.
(./mitthesis.cls
Document Class: mitthesis 1999/10/20
Single spaced

(/cvmfs/cms.cern.ch/external/tex/texlive/2017/texmf-dist/tex/latex/base/report.
cls
Document Class: report 2014/09/29 v1.4h Standard LaTeX document class

(/cvmfs/cms.cern.ch/external/tex/texlive/2017/texmf-dist/tex/latex/base/size12.
clo))
(/cvmfs/cms.cern.ch/external/tex/texlive/2017/texmf-dist/tex/latex/setspace/set
space.sty)
Thesis document copyright MIT unless otherwise (manually) specified
) (./lgrind.sty)
(/cvmfs/cms.cern.ch/external/tex/texlive/2017/texmf-dist/tex/latex/hyperref/hyp
erref.sty
(/cvmfs/cms.cern.ch/external/tex/texlive/2017/texmf-dist/tex/generic/oberdiek/h
obsub-hyperref.sty
(/cvmfs/cms.cern.ch/external/tex/texlive/2017/texmf-dist/tex/generic/oberdiek/h
obsub-generic.sty))
(/cvmfs/cms.cern.ch/external/tex/texlive/2017/texmf-dist/tex/latex/graphics/key
val.sty)
(/cvmfs/cms.cern.ch/external/tex/texlive/2017/texmf-dist/tex/generic/ifxetex/if
xetex.sty)
(/cvmfs/cms.cern.ch/external/tex/texlive/2017/texmf-dist/tex/latex/oberdiek/aux
hook.sty)
(/cvmfs/cms.cern.ch/external/tex/texlive/2017/texmf-dist/tex/latex/oberdiek/kvo
ptions.sty)
(/cvmfs/cms.cern.ch/external/tex/texlive/2017/texmf-dist/tex/latex/hyperref/pd1
enc.def)
(/cvmfs/cms.cern.ch/external/tex/texlive/2017/texmf-dist/tex/latex/latexconfig/
hyperref.cfg)
(/cvmfs/cms.cern.ch/external/tex/texlive/2017/texmf-dist/tex/latex/url/url.sty)
)

Package hyperref Message: Driver (autodetected): hpdftex.


(/cvmfs/cms.cern.ch/external/tex/texlive/2017/texmf-dist/tex/latex/hyperref/hpd
ftex.def
(/cvmfs/cms.cern.ch/external/tex/texlive/2017/texmf-dist/tex/latex/oberdiek/rer
unfilecheck.sty))
(/cvmfs/cms.cern.ch/external/tex/texlive/2017/texmf-dist/tex/latex/graphics/gra
phicx.sty
(/cvmfs/cms.cern.ch/external/tex/texlive/2017/texmf-dist/tex/latex/graphics/gra
phics.sty
(/cvmfs/cms.cern.ch/external/tex/texlive/2017/texmf-dist/tex/latex/graphics/tri
g.sty)
(/cvmfs/cms.cern.ch/external/tex/texlive/2017/texmf-dist/tex/latex/graphics-cfg
/graphics.cfg)
(/cvmfs/cms.cern.ch/external/tex/texlive/2017/texmf-dist/tex/latex/graphics-def
/pdftex.def)))
(/cvmfs/cms.cern.ch/external/tex/texlive/2017/texmf-dist/tex/latex/tools/xspace
.sty)
(/cvmfs/cms.cern.ch/external/tex/texlive/2017/texmf-dist/tex/latex/cmap/cmap.st
y)
(/cvmfs/cms.cern.ch/external/tex/texlive/2017/texmf-dist/tex/latex/base/fontenc
.sty
(/cvmfs/cms.cern.ch/external/tex/texlive/2017/texmf-dist/tex/latex/base/t1enc.d
ef)<<t1.cmap>>)
(/cvmfs/cms.cern.ch/external/tex/texlive/2017/texmf-dist/tex/latex/multirow/mul
tirow.sty)
(/cvmfs/cms.cern.ch/external/tex/texlive/2017/texmf-dist/tex/latex/base/textcom
p.sty
(/cvmfs/cms.cern.ch/external/tex/texlive/2017/texmf-dist/tex/latex/base/ts1enc.
def))
(/cvmfs/cms.cern.ch/external/tex/texlive/2017/texmf-dist/tex/latex/siunitx/siun
itx.sty
(/cvmfs/cms.cern.ch/external/tex/texlive/2017/texmf-dist/tex/latex/l3kernel/exp
l3.sty
(/cvmfs/cms.cern.ch/external/tex/texlive/2017/texmf-dist/tex/latex/l3kernel/exp
l3-code.tex)
(/cvmfs/cms.cern.ch/external/tex/texlive/2017/texmf-dist/tex/latex/l3kernel/l3p
dfmode.def))
(/cvmfs/cms.cern.ch/external/tex/texlive/2017/texmf-dist/tex/latex/l3packages/x
parse/xparse.sty)
(/cvmfs/cms.cern.ch/external/tex/texlive/2017/texmf-dist/tex/latex/amsmath/amst
ext.sty
(/cvmfs/cms.cern.ch/external/tex/texlive/2017/texmf-dist/tex/latex/amsmath/amsg
en.sty))
(/cvmfs/cms.cern.ch/external/tex/texlive/2017/texmf-dist/tex/latex/tools/array.
sty)
(/cvmfs/cms.cern.ch/external/tex/texlive/2017/texmf-dist/tex/latex/l3packages/l
3keys2e/l3keys2e.sty)
(/cvmfs/cms.cern.ch/external/tex/texlive/2017/texmf-dist/tex/latex/beamer/trans
lator/translator.sty
(/cvmfs/cms.cern.ch/external/tex/texlive/2017/texmf-dist/tex/latex/beamer/trans
lator/translator-language-mappings.tex))) (./commands.tex) (./main.aux
(./cover.aux) (./contents.aux) (./detector.aux) (./appa.aux) (./appb.aux)
(./biblio.aux))
(/cvmfs/cms.cern.ch/external/tex/texlive/2017/texmf-dist/tex/latex/base/ts1cmr.
fd)
(/cvmfs/cms.cern.ch/external/tex/texlive/2017/texmf-dist/tex/latex/hyperref/nam
eref.sty
(/cvmfs/cms.cern.ch/external/tex/texlive/2017/texmf-dist/tex/generic/oberdiek/g
ettitlestring.sty)) (./main.out) (./main.out)
(/cvmfs/cms.cern.ch/external/tex/texlive/2017/texmf-dist/tex/context/base/mkii/
supp-pdf.mkii
[Loading MPS to PDF converter (version 2006.09.02).]
)
(/cvmfs/cms.cern.ch/external/tex/texlive/2017/texmf-dist/tex/latex/beamer/trans
lator/dicts/translator-basic-dictionary/translator-basic-dictionary-English.dic
t)
(/cvmfs/cms.cern.ch/external/tex/texlive/2017/texmf-dist/tex/latex/siunitx/siun
itx-abbreviations.cfg)<<ot1.cmap>><<oml.cmap>><<oms.cmap>><<omx.cmap>><<ot1tt.c
map>> (./cover.tex [1{/cvmfs/cms.cern.ch/external/tex/texlive/2017/texmf-var/fo
nts/map/pdftex/updmap/pdftex.map}] [2] (./abstract.tex) [3] [4]) [5]
(./contents.tex [6] (./main.toc) [7] [8] (./main.lof
Overfull \hbox (12.12564pt too wide) in paragraph at lines 2--2
 \T1/cmr/m/n/12 hadron bar-rel (HB), end-cap (HE), outer (HO) and for-ward (HF)
 calorime- 
) [9] [10] (./main.lot)) [11] (./detector.tex [12]
Chapter 1.
[13]
Overfull \hbox (0.48677pt too wide) in paragraph at lines 58--67
\T1/cmr/m/n/12 The elec-tro-mag-netic calorime-ter of CMS (ECAL) is a her-metic
 ho-mo-ge-neous calorime-
[14]
Underfull \vbox (badness 3333) has occurred while \output is active [15 <./figu
res/hcalslice.png>] [16] [17] [18] [19]
Overfull \hbox (10.78528pt too wide) in paragraph at lines 304--318
 [] 
[20]) [21] (./appa.tex [22]
Appendix A.
[23]) (./appb.tex [24]
Appendix B.
[25] [26]) (./biblio.tex (./main.bbl)) [27] (./main.aux (./cover.aux)
(./contents.aux) (./detector.aux) (./appa.aux) (./appb.aux) (./biblio.aux)) )
(see the transcript file for additional information){/cvmfs/cms.cern.ch/externa
l/tex/texlive/2017/texmf-dist/fonts/enc/dvips/cm-super/cm-super-t1.enc}{/cvmfs/
cms.cern.ch/external/tex/texlive/2017/texmf-dist/fonts/enc/dvips/cm-super/cm-su
per-ts1.enc}</cvmfs/cms.cern.ch/external/tex/texlive/2017/texmf-dist/fonts/type
1/public/amsfonts/cm/cmmi10.pfb></cvmfs/cms.cern.ch/external/tex/texlive/2017/t
exmf-dist/fonts/type1/public/amsfonts/cm/cmmi12.pfb></cvmfs/cms.cern.ch/externa
l/tex/texlive/2017/texmf-dist/fonts/type1/public/amsfonts/cm/cmmi8.pfb></cvmfs/
cms.cern.ch/external/tex/texlive/2017/texmf-dist/fonts/type1/public/amsfonts/cm
/cmr10.pfb></cvmfs/cms.cern.ch/external/tex/texlive/2017/texmf-dist/fonts/type1
/public/amsfonts/cm/cmr12.pfb></cvmfs/cms.cern.ch/external/tex/texlive/2017/tex
mf-dist/fonts/type1/public/amsfonts/cm/cmr8.pfb></cvmfs/cms.cern.ch/external/te
x/texlive/2017/texmf-dist/fonts/type1/public/amsfonts/cm/cmsy10.pfb></cvmfs/cms
.cern.ch/external/tex/texlive/2017/texmf-dist/fonts/type1/public/amsfonts/cm/cm
sy8.pfb></cvmfs/cms.cern.ch/external/tex/texlive/2017/texmf-dist/fonts/type1/pu
blic/cm-super/sfbx1200.pfb></cvmfs/cms.cern.ch/external/tex/texlive/2017/texmf-
dist/fonts/type1/public/cm-super/sfbx1440.pfb></cvmfs/cms.cern.ch/external/tex/
texlive/2017/texmf-dist/fonts/type1/public/cm-super/sfbx1728.pfb></cvmfs/cms.ce
rn.ch/external/tex/texlive/2017/texmf-dist/fonts/type1/public/cm-super/sfbx2488
.pfb></cvmfs/cms.cern.ch/external/tex/texlive/2017/texmf-dist/fonts/type1/publi
c/cm-super/sfrm0800.pfb></cvmfs/cms.cern.ch/external/tex/texlive/2017/texmf-dis
t/fonts/type1/public/cm-super/sfrm1095.pfb></cvmfs/cms.cern.ch/external/tex/tex
live/2017/texmf-dist/fonts/type1/public/cm-super/sfrm1200.pfb></cvmfs/cms.cern.
ch/external/tex/texlive/2017/texmf-dist/fonts/type1/public/cm-super/sfrm1440.pf
b></cvmfs/cms.cern.ch/external/tex/texlive/2017/texmf-dist/fonts/type1/public/c
m-super/sfrm1728.pfb></cvmfs/cms.cern.ch/external/tex/texlive/2017/texmf-dist/f
onts/type1/public/cm-super/sfti1200.pfb>
Output written on main.pdf (27 pages, 575505 bytes).
Transcript written on main.log.
Latexmk: Log file says output to 'main.pdf'
=== TeX engine is 'pdfTeX'
Latexmk: Found bibliography file(s) [main.bib]
Rule 'pdflatex': File changes, etc:
   Changed files, or newly in use since previous run(s):
      'main.lof'
      'main.lot'
      'main.toc'
------------
Run number 3 of rule 'pdflatex'
------------
------------
Running 'pdflatex  -recorder  "main.tex"'
------------
Latexmk: applying rule 'pdflatex'...
This is pdfTeX, Version 3.14159265-2.6-1.40.18 (TeX Live 2017) (preloaded format=pdflatex)
entering extended mode
(./main.tex
LaTeX2e <2017-04-15>
Babel <3.14> and hyphenation patterns for 84 language(s) loaded.
(./mitthesis.cls
Document Class: mitthesis 1999/10/20
Single spaced

(/cvmfs/cms.cern.ch/external/tex/texlive/2017/texmf-dist/tex/latex/base/report.
cls
Document Class: report 2014/09/29 v1.4h Standard LaTeX document class

(/cvmfs/cms.cern.ch/external/tex/texlive/2017/texmf-dist/tex/latex/base/size12.
clo))
(/cvmfs/cms.cern.ch/external/tex/texlive/2017/texmf-dist/tex/latex/setspace/set
space.sty)
Thesis document copyright MIT unless otherwise (manually) specified
) (./lgrind.sty)
(/cvmfs/cms.cern.ch/external/tex/texlive/2017/texmf-dist/tex/latex/hyperref/hyp
erref.sty
(/cvmfs/cms.cern.ch/external/tex/texlive/2017/texmf-dist/tex/generic/oberdiek/h
obsub-hyperref.sty
(/cvmfs/cms.cern.ch/external/tex/texlive/2017/texmf-dist/tex/generic/oberdiek/h
obsub-generic.sty))
(/cvmfs/cms.cern.ch/external/tex/texlive/2017/texmf-dist/tex/latex/graphics/key
val.sty)
(/cvmfs/cms.cern.ch/external/tex/texlive/2017/texmf-dist/tex/generic/ifxetex/if
xetex.sty)
(/cvmfs/cms.cern.ch/external/tex/texlive/2017/texmf-dist/tex/latex/oberdiek/aux
hook.sty)
(/cvmfs/cms.cern.ch/external/tex/texlive/2017/texmf-dist/tex/latex/oberdiek/kvo
ptions.sty)
(/cvmfs/cms.cern.ch/external/tex/texlive/2017/texmf-dist/tex/latex/hyperref/pd1
enc.def)
(/cvmfs/cms.cern.ch/external/tex/texlive/2017/texmf-dist/tex/latex/latexconfig/
hyperref.cfg)
(/cvmfs/cms.cern.ch/external/tex/texlive/2017/texmf-dist/tex/latex/url/url.sty)
)

Package hyperref Message: Driver (autodetected): hpdftex.


(/cvmfs/cms.cern.ch/external/tex/texlive/2017/texmf-dist/tex/latex/hyperref/hpd
ftex.def
(/cvmfs/cms.cern.ch/external/tex/texlive/2017/texmf-dist/tex/latex/oberdiek/rer
unfilecheck.sty))
(/cvmfs/cms.cern.ch/external/tex/texlive/2017/texmf-dist/tex/latex/graphics/gra
phicx.sty
(/cvmfs/cms.cern.ch/external/tex/texlive/2017/texmf-dist/tex/latex/graphics/gra
phics.sty
(/cvmfs/cms.cern.ch/external/tex/texlive/2017/texmf-dist/tex/latex/graphics/tri
g.sty)
(/cvmfs/cms.cern.ch/external/tex/texlive/2017/texmf-dist/tex/latex/graphics-cfg
/graphics.cfg)
(/cvmfs/cms.cern.ch/external/tex/texlive/2017/texmf-dist/tex/latex/graphics-def
/pdftex.def)))
(/cvmfs/cms.cern.ch/external/tex/texlive/2017/texmf-dist/tex/latex/tools/xspace
.sty)
(/cvmfs/cms.cern.ch/external/tex/texlive/2017/texmf-dist/tex/latex/cmap/cmap.st
y)
(/cvmfs/cms.cern.ch/external/tex/texlive/2017/texmf-dist/tex/latex/base/fontenc
.sty
(/cvmfs/cms.cern.ch/external/tex/texlive/2017/texmf-dist/tex/latex/base/t1enc.d
ef)<<t1.cmap>>)
(/cvmfs/cms.cern.ch/external/tex/texlive/2017/texmf-dist/tex/latex/multirow/mul
tirow.sty)
(/cvmfs/cms.cern.ch/external/tex/texlive/2017/texmf-dist/tex/latex/base/textcom
p.sty
(/cvmfs/cms.cern.ch/external/tex/texlive/2017/texmf-dist/tex/latex/base/ts1enc.
def))
(/cvmfs/cms.cern.ch/external/tex/texlive/2017/texmf-dist/tex/latex/siunitx/siun
itx.sty
(/cvmfs/cms.cern.ch/external/tex/texlive/2017/texmf-dist/tex/latex/l3kernel/exp
l3.sty
(/cvmfs/cms.cern.ch/external/tex/texlive/2017/texmf-dist/tex/latex/l3kernel/exp
l3-code.tex)
(/cvmfs/cms.cern.ch/external/tex/texlive/2017/texmf-dist/tex/latex/l3kernel/l3p
dfmode.def))
(/cvmfs/cms.cern.ch/external/tex/texlive/2017/texmf-dist/tex/latex/l3packages/x
parse/xparse.sty)
(/cvmfs/cms.cern.ch/external/tex/texlive/2017/texmf-dist/tex/latex/amsmath/amst
ext.sty
(/cvmfs/cms.cern.ch/external/tex/texlive/2017/texmf-dist/tex/latex/amsmath/amsg
en.sty))
(/cvmfs/cms.cern.ch/external/tex/texlive/2017/texmf-dist/tex/latex/tools/array.
sty)
(/cvmfs/cms.cern.ch/external/tex/texlive/2017/texmf-dist/tex/latex/l3packages/l
3keys2e/l3keys2e.sty)
(/cvmfs/cms.cern.ch/external/tex/texlive/2017/texmf-dist/tex/latex/beamer/trans
lator/translator.sty
(/cvmfs/cms.cern.ch/external/tex/texlive/2017/texmf-dist/tex/latex/beamer/trans
lator/translator-language-mappings.tex))) (./commands.tex) (./main.aux
(./cover.aux) (./contents.aux) (./detector.aux) (./appa.aux) (./appb.aux)
(./biblio.aux))
(/cvmfs/cms.cern.ch/external/tex/texlive/2017/texmf-dist/tex/latex/base/ts1cmr.
fd)
(/cvmfs/cms.cern.ch/external/tex/texlive/2017/texmf-dist/tex/latex/hyperref/nam
eref.sty
(/cvmfs/cms.cern.ch/external/tex/texlive/2017/texmf-dist/tex/generic/oberdiek/g
ettitlestring.sty)) (./main.out) (./main.out)
(/cvmfs/cms.cern.ch/external/tex/texlive/2017/texmf-dist/tex/context/base/mkii/
supp-pdf.mkii
[Loading MPS to PDF converter (version 2006.09.02).]
)
(/cvmfs/cms.cern.ch/external/tex/texlive/2017/texmf-dist/tex/latex/beamer/trans
lator/dicts/translator-basic-dictionary/translator-basic-dictionary-English.dic
t)
(/cvmfs/cms.cern.ch/external/tex/texlive/2017/texmf-dist/tex/latex/siunitx/siun
itx-abbreviations.cfg)<<ot1.cmap>><<oml.cmap>><<oms.cmap>><<omx.cmap>><<ot1tt.c
map>> (./cover.tex [1{/cvmfs/cms.cern.ch/external/tex/texlive/2017/texmf-var/fo
nts/map/pdftex/updmap/pdftex.map}] [2] (./abstract.tex) [3] [4]) [5]
(./contents.tex [6] (./main.toc) [7] [8] (./main.lof
Overfull \hbox (12.12564pt too wide) in paragraph at lines 2--2
 \T1/cmr/m/n/12 hadron bar-rel (HB), end-cap (HE), outer (HO) and for-ward (HF)
 calorime- 
) [9] [10] (./main.lot)) [11] (./detector.tex [12]
Chapter 1.
[13]
Overfull \hbox (0.48677pt too wide) in paragraph at lines 58--67
\T1/cmr/m/n/12 The elec-tro-mag-netic calorime-ter of CMS (ECAL) is a her-metic
 ho-mo-ge-neous calorime-
[14]
Underfull \vbox (badness 3333) has occurred while \output is active [15 <./figu
res/hcalslice.png>] [16] [17] [18] [19]
Overfull \hbox (10.78528pt too wide) in paragraph at lines 304--318
 [] 
[20]) [21] (./appa.tex [22]
Appendix A.
[23]) (./appb.tex [24]
Appendix B.
[25] [26]) (./biblio.tex (./main.bbl)) [27] (./main.aux (./cover.aux)
(./contents.aux) (./detector.aux) (./appa.aux) (./appb.aux) (./biblio.aux)) )
(see the transcript file for additional information){/cvmfs/cms.cern.ch/externa
l/tex/texlive/2017/texmf-dist/fonts/enc/dvips/cm-super/cm-super-t1.enc}{/cvmfs/
cms.cern.ch/external/tex/texlive/2017/texmf-dist/fonts/enc/dvips/cm-super/cm-su
per-ts1.enc}</cvmfs/cms.cern.ch/external/tex/texlive/2017/texmf-dist/fonts/type
1/public/amsfonts/cm/cmmi10.pfb></cvmfs/cms.cern.ch/external/tex/texlive/2017/t
exmf-dist/fonts/type1/public/amsfonts/cm/cmmi12.pfb></cvmfs/cms.cern.ch/externa
l/tex/texlive/2017/texmf-dist/fonts/type1/public/amsfonts/cm/cmmi8.pfb></cvmfs/
cms.cern.ch/external/tex/texlive/2017/texmf-dist/fonts/type1/public/amsfonts/cm
/cmr10.pfb></cvmfs/cms.cern.ch/external/tex/texlive/2017/texmf-dist/fonts/type1
/public/amsfonts/cm/cmr12.pfb></cvmfs/cms.cern.ch/external/tex/texlive/2017/tex
mf-dist/fonts/type1/public/amsfonts/cm/cmr8.pfb></cvmfs/cms.cern.ch/external/te
x/texlive/2017/texmf-dist/fonts/type1/public/amsfonts/cm/cmsy10.pfb></cvmfs/cms
.cern.ch/external/tex/texlive/2017/texmf-dist/fonts/type1/public/amsfonts/cm/cm
sy8.pfb></cvmfs/cms.cern.ch/external/tex/texlive/2017/texmf-dist/fonts/type1/pu
blic/cm-super/sfbx1200.pfb></cvmfs/cms.cern.ch/external/tex/texlive/2017/texmf-
dist/fonts/type1/public/cm-super/sfbx1440.pfb></cvmfs/cms.cern.ch/external/tex/
texlive/2017/texmf-dist/fonts/type1/public/cm-super/sfbx1728.pfb></cvmfs/cms.ce
rn.ch/external/tex/texlive/2017/texmf-dist/fonts/type1/public/cm-super/sfbx2488
.pfb></cvmfs/cms.cern.ch/external/tex/texlive/2017/texmf-dist/fonts/type1/publi
c/cm-super/sfrm0800.pfb></cvmfs/cms.cern.ch/external/tex/texlive/2017/texmf-dis
t/fonts/type1/public/cm-super/sfrm1095.pfb></cvmfs/cms.cern.ch/external/tex/tex
live/2017/texmf-dist/fonts/type1/public/cm-super/sfrm1200.pfb></cvmfs/cms.cern.
ch/external/tex/texlive/2017/texmf-dist/fonts/type1/public/cm-super/sfrm1440.pf
b></cvmfs/cms.cern.ch/external/tex/texlive/2017/texmf-dist/fonts/type1/public/c
m-super/sfrm1728.pfb></cvmfs/cms.cern.ch/external/tex/texlive/2017/texmf-dist/f
onts/type1/public/cm-super/sfti1200.pfb>
Output written on main.pdf (27 pages, 575505 bytes).
Transcript written on main.log.
Latexmk: Log file says output to 'main.pdf'
=== TeX engine is 'pdfTeX'
Latexmk: Found bibliography file(s) [main.bib]
Latexmk: All targets (main.pdf) are up-to-date
